This is pdfTeX, Version 3.14159265-2.6-1.40.16 (TeX Live 2015/Debian) (preloaded format=pdflatex 2018.1.13)  9 FEB 2018 15:20
entering extended mode
 restricted \write18 enabled.
 %&-line parsing enabled.
**dataset.tex
(./dataset.tex
LaTeX2e <2016/02/01>
Babel <3.9q> and hyphenation patterns for 81 language(s) loaded.
(/usr/share/texlive/texmf-dist/tex/latex/base/article.cls
Document Class: article 2014/09/29 v1.4h Standard LaTeX document class
(/usr/share/texlive/texmf-dist/tex/latex/base/size10.clo
File: size10.clo 2014/09/29 v1.4h Standard LaTeX file (size option)
)
\c@part=\count79
\c@section=\count80
\c@subsection=\count81
\c@subsubsection=\count82
\c@paragraph=\count83
\c@subparagraph=\count84
\c@figure=\count85
\c@table=\count86
\abovecaptionskip=\skip41
\belowcaptionskip=\skip42
\bibindent=\dimen102
) (./nips_2016.sty
Package: nips_2016 2016/08/08 NIPS 2016 submission/camera-ready style file

(/usr/share/texlive/texmf-dist/tex/latex/natbib/natbib.sty
Package: natbib 2010/09/13 8.31b (PWD, AO)
\bibhang=\skip43
\bibsep=\skip44
LaTeX Info: Redefining \cite on input line 694.
\c@NAT@ctr=\count87
)
(/usr/share/texlive/texmf-dist/tex/latex/geometry/geometry.sty
Package: geometry 2010/09/12 v5.6 Page Geometry

(/usr/share/texlive/texmf-dist/tex/latex/graphics/keyval.sty
Package: keyval 2014/10/28 v1.15 key=value parser (DPC)
\KV@toks@=\toks14
)
(/usr/share/texlive/texmf-dist/tex/generic/oberdiek/ifpdf.sty
Package: ifpdf 2011/01/30 v2.3 Provides the ifpdf switch (HO)
Package ifpdf Info: pdfTeX in PDF mode is detected.
)
(/usr/share/texlive/texmf-dist/tex/generic/oberdiek/ifvtex.sty
Package: ifvtex 2010/03/01 v1.5 Detect VTeX and its facilities (HO)
Package ifvtex Info: VTeX not detected.
)
(/usr/share/texlive/texmf-dist/tex/generic/ifxetex/ifxetex.sty
Package: ifxetex 2010/09/12 v0.6 Provides ifxetex conditional
)
\Gm@cnth=\count88
\Gm@cntv=\count89
\c@Gm@tempcnt=\count90
\Gm@bindingoffset=\dimen103
\Gm@wd@mp=\dimen104
\Gm@odd@mp=\dimen105
\Gm@even@mp=\dimen106
\Gm@layoutwidth=\dimen107
\Gm@layoutheight=\dimen108
\Gm@layouthoffset=\dimen109
\Gm@layoutvoffset=\dimen110
\Gm@dimlist=\toks15
)
\@nipsabovecaptionskip=\skip45
\@nipsbelowcaptionskip=\skip46
)
(/usr/share/texlive/texmf-dist/tex/latex/graphics/graphics.sty
Package: graphics 2016/01/03 v1.0q Standard LaTeX Graphics (DPC,SPQR)

(/usr/share/texlive/texmf-dist/tex/latex/graphics/trig.sty
Package: trig 2016/01/03 v1.10 sin cos tan (DPC)
)
(/usr/share/texlive/texmf-dist/tex/latex/latexconfig/graphics.cfg
File: graphics.cfg 2010/04/23 v1.9 graphics configuration of TeX Live
)
Package graphics Info: Driver file: pdftex.def on input line 95.

(/usr/share/texlive/texmf-dist/tex/latex/pdftex-def/pdftex.def
File: pdftex.def 2011/05/27 v0.06d Graphics/color for pdfTeX

(/usr/share/texlive/texmf-dist/tex/generic/oberdiek/infwarerr.sty
Package: infwarerr 2010/04/08 v1.3 Providing info/warning/error messages (HO)
)
(/usr/share/texlive/texmf-dist/tex/generic/oberdiek/ltxcmds.sty
Package: ltxcmds 2011/11/09 v1.22 LaTeX kernel commands for general use (HO)
)
\Gread@gobject=\count91
))
(/usr/share/texlive/texmf-dist/tex/latex/graphics/epsfig.sty
Package: epsfig 1999/02/16 v1.7a (e)psfig emulation (SPQR)

(/usr/share/texlive/texmf-dist/tex/latex/graphics/graphicx.sty
Package: graphicx 2014/10/28 v1.0g Enhanced LaTeX Graphics (DPC,SPQR)
\Gin@req@height=\dimen111
\Gin@req@width=\dimen112
)
\epsfxsize=\dimen113
\epsfysize=\dimen114
)
(/usr/share/texlive/texmf-dist/tex/latex/amsmath/amsmath.sty
Package: amsmath 2016/03/03 v2.15a AMS math features
\@mathmargin=\skip47

For additional information on amsmath, use the `?' option.
(/usr/share/texlive/texmf-dist/tex/latex/amsmath/amstext.sty
Package: amstext 2000/06/29 v2.01 AMS text

(/usr/share/texlive/texmf-dist/tex/latex/amsmath/amsgen.sty
File: amsgen.sty 1999/11/30 v2.0 generic functions
\@emptytoks=\toks16
\ex@=\dimen115
))
(/usr/share/texlive/texmf-dist/tex/latex/amsmath/amsbsy.sty
Package: amsbsy 1999/11/29 v1.2d Bold Symbols
\pmbraise@=\dimen116
)
(/usr/share/texlive/texmf-dist/tex/latex/amsmath/amsopn.sty
Package: amsopn 1999/12/14 v2.01 operator names
)
\inf@bad=\count92
LaTeX Info: Redefining \frac on input line 199.
\uproot@=\count93
\leftroot@=\count94
LaTeX Info: Redefining \overline on input line 297.
\classnum@=\count95
\DOTSCASE@=\count96
LaTeX Info: Redefining \ldots on input line 394.
LaTeX Info: Redefining \dots on input line 397.
LaTeX Info: Redefining \cdots on input line 518.
\Mathstrutbox@=\box26
\strutbox@=\box27
\big@size=\dimen117
LaTeX Font Info:    Redeclaring font encoding OML on input line 630.
LaTeX Font Info:    Redeclaring font encoding OMS on input line 631.
\macc@depth=\count97
\c@MaxMatrixCols=\count98
\dotsspace@=\muskip10
\c@parentequation=\count99
\dspbrk@lvl=\count100
\tag@help=\toks17
\row@=\count101
\column@=\count102
\maxfields@=\count103
\andhelp@=\toks18
\eqnshift@=\dimen118
\alignsep@=\dimen119
\tagshift@=\dimen120
\tagwidth@=\dimen121
\totwidth@=\dimen122
\lineht@=\dimen123
\@envbody=\toks19
\multlinegap=\skip48
\multlinetaggap=\skip49
\mathdisplay@stack=\toks20
LaTeX Info: Redefining \[ on input line 2735.
LaTeX Info: Redefining \] on input line 2736.
)
(/usr/share/texlive/texmf-dist/tex/latex/amsfonts/amssymb.sty
Package: amssymb 2013/01/14 v3.01 AMS font symbols

(/usr/share/texlive/texmf-dist/tex/latex/amsfonts/amsfonts.sty
Package: amsfonts 2013/01/14 v3.01 Basic AMSFonts support
\symAMSa=\mathgroup4
\symAMSb=\mathgroup5
LaTeX Font Info:    Overwriting math alphabet `\mathfrak' in version `bold'
(Font)                  U/euf/m/n --> U/euf/b/n on input line 106.
))
(/usr/share/texlive/texmf-dist/tex/latex/caption/caption.sty
Package: caption 2016/02/21 v3.3-144 Customizing captions (AR)

(/usr/share/texlive/texmf-dist/tex/latex/caption/caption3.sty
Package: caption3 2016/02/04 v1.7-139 caption3 kernel (AR)
Package caption3 Info: TeX engine: e-TeX on input line 67.
\captionmargin=\dimen124
\captionmargin@=\dimen125
\captionwidth=\dimen126
\caption@tempdima=\dimen127
\caption@indent=\dimen128
\caption@parindent=\dimen129
\caption@hangindent=\dimen130
)
\c@ContinuedFloat=\count104
)
(/usr/share/texlive/texmf-dist/tex/latex/float/float.sty
Package: float 2001/11/08 v1.3d Float enhancements (AL)
\c@float@type=\count105
\float@exts=\toks21
\float@box=\box28
\@float@everytoks=\toks22
\@floatcapt=\box29
)
(/usr/share/texlive/texmf-dist/tex/latex/subfigure/subfigure.sty
Package: subfigure 2002/03/15 v2.1.5 subfigure package
\subfigtopskip=\skip50
\subfigcapskip=\skip51
\subfigcaptopadj=\dimen131
\subfigbottomskip=\skip52
\subfigcapmargin=\dimen132
\subfiglabelskip=\skip53
\c@subfigure=\count106
\c@lofdepth=\count107
\c@subtable=\count108
\c@lotdepth=\count109

****************************************
* Local config file subfigure.cfg used *
****************************************
(/usr/share/texlive/texmf-dist/tex/latex/subfigure/subfigure.cfg)
\subfig@top=\skip54
\subfig@bottom=\skip55
)
(/usr/share/texlive/texmf-dist/tex/latex/graphics/color.sty
Package: color 2016/01/03 v1.1b Standard LaTeX Color (DPC)

(/usr/share/texlive/texmf-dist/tex/latex/latexconfig/color.cfg
File: color.cfg 2007/01/18 v1.5 color configuration of teTeX/TeXLive
)
Package color Info: Driver file: pdftex.def on input line 143.
)
(/usr/share/texlive/texmf-dist/tex/latex/base/inputenc.sty
Package: inputenc 2015/03/17 v1.2c Input encoding file
\inpenc@prehook=\toks23
\inpenc@posthook=\toks24

(/usr/share/texlive/texmf-dist/tex/latex/base/utf8.def
File: utf8.def 2015/12/03 v1.1r UTF-8 support for inputenc
Now handling font encoding OML ...
... no UTF-8 mapping file for font encoding OML
Now handling font encoding T1 ...
... processing UTF-8 mapping file for font encoding T1

(/usr/share/texlive/texmf-dist/tex/latex/base/t1enc.dfu
File: t1enc.dfu 2015/12/03 v1.1r UTF-8 support for inputenc
   defining Unicode char U+00A0 (decimal 160)
   defining Unicode char U+00A1 (decimal 161)
   defining Unicode char U+00A3 (decimal 163)
   defining Unicode char U+00AB (decimal 171)
   defining Unicode char U+00AD (decimal 173)
   defining Unicode char U+00BB (decimal 187)
   defining Unicode char U+00BF (decimal 191)
   defining Unicode char U+00C0 (decimal 192)
   defining Unicode char U+00C1 (decimal 193)
   defining Unicode char U+00C2 (decimal 194)
   defining Unicode char U+00C3 (decimal 195)
   defining Unicode char U+00C4 (decimal 196)
   defining Unicode char U+00C5 (decimal 197)
   defining Unicode char U+00C6 (decimal 198)
   defining Unicode char U+00C7 (decimal 199)
   defining Unicode char U+00C8 (decimal 200)
   defining Unicode char U+00C9 (decimal 201)
   defining Unicode char U+00CA (decimal 202)
   defining Unicode char U+00CB (decimal 203)
   defining Unicode char U+00CC (decimal 204)
   defining Unicode char U+00CD (decimal 205)
   defining Unicode char U+00CE (decimal 206)
   defining Unicode char U+00CF (decimal 207)
   defining Unicode char U+00D0 (decimal 208)
   defining Unicode char U+00D1 (decimal 209)
   defining Unicode char U+00D2 (decimal 210)
   defining Unicode char U+00D3 (decimal 211)
   defining Unicode char U+00D4 (decimal 212)
   defining Unicode char U+00D5 (decimal 213)
   defining Unicode char U+00D6 (decimal 214)
   defining Unicode char U+00D8 (decimal 216)
   defining Unicode char U+00D9 (decimal 217)
   defining Unicode char U+00DA (decimal 218)
   defining Unicode char U+00DB (decimal 219)
   defining Unicode char U+00DC (decimal 220)
   defining Unicode char U+00DD (decimal 221)
   defining Unicode char U+00DE (decimal 222)
   defining Unicode char U+00DF (decimal 223)
   defining Unicode char U+00E0 (decimal 224)
   defining Unicode char U+00E1 (decimal 225)
   defining Unicode char U+00E2 (decimal 226)
   defining Unicode char U+00E3 (decimal 227)
   defining Unicode char U+00E4 (decimal 228)
   defining Unicode char U+00E5 (decimal 229)
   defining Unicode char U+00E6 (decimal 230)
   defining Unicode char U+00E7 (decimal 231)
   defining Unicode char U+00E8 (decimal 232)
   defining Unicode char U+00E9 (decimal 233)
   defining Unicode char U+00EA (decimal 234)
   defining Unicode char U+00EB (decimal 235)
   defining Unicode char U+00EC (decimal 236)
   defining Unicode char U+00ED (decimal 237)
   defining Unicode char U+00EE (decimal 238)
   defining Unicode char U+00EF (decimal 239)
   defining Unicode char U+00F0 (decimal 240)
   defining Unicode char U+00F1 (decimal 241)
   defining Unicode char U+00F2 (decimal 242)
   defining Unicode char U+00F3 (decimal 243)
   defining Unicode char U+00F4 (decimal 244)
   defining Unicode char U+00F5 (decimal 245)
   defining Unicode char U+00F6 (decimal 246)
   defining Unicode char U+00F8 (decimal 248)
   defining Unicode char U+00F9 (decimal 249)
   defining Unicode char U+00FA (decimal 250)
   defining Unicode char U+00FB (decimal 251)
   defining Unicode char U+00FC (decimal 252)
   defining Unicode char U+00FD (decimal 253)
   defining Unicode char U+00FE (decimal 254)
   defining Unicode char U+00FF (decimal 255)
   defining Unicode char U+0100 (decimal 256)
   defining Unicode char U+0101 (decimal 257)
   defining Unicode char U+0102 (decimal 258)
   defining Unicode char U+0103 (decimal 259)
   defining Unicode char U+0104 (decimal 260)
   defining Unicode char U+0105 (decimal 261)
   defining Unicode char U+0106 (decimal 262)
   defining Unicode char U+0107 (decimal 263)
   defining Unicode char U+0108 (decimal 264)
   defining Unicode char U+0109 (decimal 265)
   defining Unicode char U+010A (decimal 266)
   defining Unicode char U+010B (decimal 267)
   defining Unicode char U+010C (decimal 268)
   defining Unicode char U+010D (decimal 269)
   defining Unicode char U+010E (decimal 270)
   defining Unicode char U+010F (decimal 271)
   defining Unicode char U+0110 (decimal 272)
   defining Unicode char U+0111 (decimal 273)
   defining Unicode char U+0112 (decimal 274)
   defining Unicode char U+0113 (decimal 275)
   defining Unicode char U+0114 (decimal 276)
   defining Unicode char U+0115 (decimal 277)
   defining Unicode char U+0116 (decimal 278)
   defining Unicode char U+0117 (decimal 279)
   defining Unicode char U+0118 (decimal 280)
   defining Unicode char U+0119 (decimal 281)
   defining Unicode char U+011A (decimal 282)
   defining Unicode char U+011B (decimal 283)
   defining Unicode char U+011C (decimal 284)
   defining Unicode char U+011D (decimal 285)
   defining Unicode char U+011E (decimal 286)
   defining Unicode char U+011F (decimal 287)
   defining Unicode char U+0120 (decimal 288)
   defining Unicode char U+0121 (decimal 289)
   defining Unicode char U+0122 (decimal 290)
   defining Unicode char U+0123 (decimal 291)
   defining Unicode char U+0124 (decimal 292)
   defining Unicode char U+0125 (decimal 293)
   defining Unicode char U+0128 (decimal 296)
   defining Unicode char U+0129 (decimal 297)
   defining Unicode char U+012A (decimal 298)
   defining Unicode char U+012B (decimal 299)
   defining Unicode char U+012C (decimal 300)
   defining Unicode char U+012D (decimal 301)
   defining Unicode char U+012E (decimal 302)
   defining Unicode char U+012F (decimal 303)
   defining Unicode char U+0130 (decimal 304)
   defining Unicode char U+0131 (decimal 305)
   defining Unicode char U+0132 (decimal 306)
   defining Unicode char U+0133 (decimal 307)
   defining Unicode char U+0134 (decimal 308)
   defining Unicode char U+0135 (decimal 309)
   defining Unicode char U+0136 (decimal 310)
   defining Unicode char U+0137 (decimal 311)
   defining Unicode char U+0139 (decimal 313)
   defining Unicode char U+013A (decimal 314)
   defining Unicode char U+013B (decimal 315)
   defining Unicode char U+013C (decimal 316)
   defining Unicode char U+013D (decimal 317)
   defining Unicode char U+013E (decimal 318)
   defining Unicode char U+0141 (decimal 321)
   defining Unicode char U+0142 (decimal 322)
   defining Unicode char U+0143 (decimal 323)
   defining Unicode char U+0144 (decimal 324)
   defining Unicode char U+0145 (decimal 325)
   defining Unicode char U+0146 (decimal 326)
   defining Unicode char U+0147 (decimal 327)
   defining Unicode char U+0148 (decimal 328)
   defining Unicode char U+014A (decimal 330)
   defining Unicode char U+014B (decimal 331)
   defining Unicode char U+014C (decimal 332)
   defining Unicode char U+014D (decimal 333)
   defining Unicode char U+014E (decimal 334)
   defining Unicode char U+014F (decimal 335)
   defining Unicode char U+0150 (decimal 336)
   defining Unicode char U+0151 (decimal 337)
   defining Unicode char U+0152 (decimal 338)
   defining Unicode char U+0153 (decimal 339)
   defining Unicode char U+0154 (decimal 340)
   defining Unicode char U+0155 (decimal 341)
   defining Unicode char U+0156 (decimal 342)
   defining Unicode char U+0157 (decimal 343)
   defining Unicode char U+0158 (decimal 344)
   defining Unicode char U+0159 (decimal 345)
   defining Unicode char U+015A (decimal 346)
   defining Unicode char U+015B (decimal 347)
   defining Unicode char U+015C (decimal 348)
   defining Unicode char U+015D (decimal 349)
   defining Unicode char U+015E (decimal 350)
   defining Unicode char U+015F (decimal 351)
   defining Unicode char U+0160 (decimal 352)
   defining Unicode char U+0161 (decimal 353)
   defining Unicode char U+0162 (decimal 354)
   defining Unicode char U+0163 (decimal 355)
   defining Unicode char U+0164 (decimal 356)
   defining Unicode char U+0165 (decimal 357)
   defining Unicode char U+0168 (decimal 360)
   defining Unicode char U+0169 (decimal 361)
   defining Unicode char U+016A (decimal 362)
   defining Unicode char U+016B (decimal 363)
   defining Unicode char U+016C (decimal 364)
   defining Unicode char U+016D (decimal 365)
   defining Unicode char U+016E (decimal 366)
   defining Unicode char U+016F (decimal 367)
   defining Unicode char U+0170 (decimal 368)
   defining Unicode char U+0171 (decimal 369)
   defining Unicode char U+0172 (decimal 370)
   defining Unicode char U+0173 (decimal 371)
   defining Unicode char U+0174 (decimal 372)
   defining Unicode char U+0175 (decimal 373)
   defining Unicode char U+0176 (decimal 374)
   defining Unicode char U+0177 (decimal 375)
   defining Unicode char U+0178 (decimal 376)
   defining Unicode char U+0179 (decimal 377)
   defining Unicode char U+017A (decimal 378)
   defining Unicode char U+017B (decimal 379)
   defining Unicode char U+017C (decimal 380)
   defining Unicode char U+017D (decimal 381)
   defining Unicode char U+017E (decimal 382)
   defining Unicode char U+01CD (decimal 461)
   defining Unicode char U+01CE (decimal 462)
   defining Unicode char U+01CF (decimal 463)
   defining Unicode char U+01D0 (decimal 464)
   defining Unicode char U+01D1 (decimal 465)
   defining Unicode char U+01D2 (decimal 466)
   defining Unicode char U+01D3 (decimal 467)
   defining Unicode char U+01D4 (decimal 468)
   defining Unicode char U+01E2 (decimal 482)
   defining Unicode char U+01E3 (decimal 483)
   defining Unicode char U+01E6 (decimal 486)
   defining Unicode char U+01E7 (decimal 487)
   defining Unicode char U+01E8 (decimal 488)
   defining Unicode char U+01E9 (decimal 489)
   defining Unicode char U+01EA (decimal 490)
   defining Unicode char U+01EB (decimal 491)
   defining Unicode char U+01F0 (decimal 496)
   defining Unicode char U+01F4 (decimal 500)
   defining Unicode char U+01F5 (decimal 501)
   defining Unicode char U+0218 (decimal 536)
   defining Unicode char U+0219 (decimal 537)
   defining Unicode char U+021A (decimal 538)
   defining Unicode char U+021B (decimal 539)
   defining Unicode char U+01E02 (decimal 7682)
   defining Unicode char U+01E03 (decimal 7683)
   defining Unicode char U+200C (decimal 8204)
   defining Unicode char U+2013 (decimal 8211)
   defining Unicode char U+2014 (decimal 8212)
   defining Unicode char U+2018 (decimal 8216)
   defining Unicode char U+2019 (decimal 8217)
   defining Unicode char U+201A (decimal 8218)
   defining Unicode char U+201C (decimal 8220)
   defining Unicode char U+201D (decimal 8221)
   defining Unicode char U+201E (decimal 8222)
   defining Unicode char U+2030 (decimal 8240)
   defining Unicode char U+2031 (decimal 8241)
   defining Unicode char U+2039 (decimal 8249)
   defining Unicode char U+203A (decimal 8250)
   defining Unicode char U+2423 (decimal 9251)
)
Now handling font encoding OT1 ...
... processing UTF-8 mapping file for font encoding OT1

(/usr/share/texlive/texmf-dist/tex/latex/base/ot1enc.dfu
File: ot1enc.dfu 2015/12/03 v1.1r UTF-8 support for inputenc
   defining Unicode char U+00A0 (decimal 160)
   defining Unicode char U+00A1 (decimal 161)
   defining Unicode char U+00A3 (decimal 163)
   defining Unicode char U+00AD (decimal 173)
   defining Unicode char U+00B8 (decimal 184)
   defining Unicode char U+00BF (decimal 191)
   defining Unicode char U+00C5 (decimal 197)
   defining Unicode char U+00C6 (decimal 198)
   defining Unicode char U+00D8 (decimal 216)
   defining Unicode char U+00DF (decimal 223)
   defining Unicode char U+00E6 (decimal 230)
   defining Unicode char U+00EC (decimal 236)
   defining Unicode char U+00ED (decimal 237)
   defining Unicode char U+00EE (decimal 238)
   defining Unicode char U+00EF (decimal 239)
   defining Unicode char U+00F8 (decimal 248)
   defining Unicode char U+0131 (decimal 305)
   defining Unicode char U+0141 (decimal 321)
   defining Unicode char U+0142 (decimal 322)
   defining Unicode char U+0152 (decimal 338)
   defining Unicode char U+0153 (decimal 339)
   defining Unicode char U+0174 (decimal 372)
   defining Unicode char U+0175 (decimal 373)
   defining Unicode char U+0176 (decimal 374)
   defining Unicode char U+0177 (decimal 375)
   defining Unicode char U+0218 (decimal 536)
   defining Unicode char U+0219 (decimal 537)
   defining Unicode char U+021A (decimal 538)
   defining Unicode char U+021B (decimal 539)
   defining Unicode char U+2013 (decimal 8211)
   defining Unicode char U+2014 (decimal 8212)
   defining Unicode char U+2018 (decimal 8216)
   defining Unicode char U+2019 (decimal 8217)
   defining Unicode char U+201C (decimal 8220)
   defining Unicode char U+201D (decimal 8221)
)
Now handling font encoding OMS ...
... processing UTF-8 mapping file for font encoding OMS

(/usr/share/texlive/texmf-dist/tex/latex/base/omsenc.dfu
File: omsenc.dfu 2015/12/03 v1.1r UTF-8 support for inputenc
   defining Unicode char U+00A7 (decimal 167)
   defining Unicode char U+00B6 (decimal 182)
   defining Unicode char U+00B7 (decimal 183)
   defining Unicode char U+2020 (decimal 8224)
   defining Unicode char U+2021 (decimal 8225)
   defining Unicode char U+2022 (decimal 8226)
)
Now handling font encoding OMX ...
... no UTF-8 mapping file for font encoding OMX
Now handling font encoding U ...
... no UTF-8 mapping file for font encoding U
   defining Unicode char U+00A9 (decimal 169)
   defining Unicode char U+00AA (decimal 170)
   defining Unicode char U+00AE (decimal 174)
   defining Unicode char U+00BA (decimal 186)
   defining Unicode char U+02C6 (decimal 710)
   defining Unicode char U+02DC (decimal 732)
   defining Unicode char U+200C (decimal 8204)
   defining Unicode char U+2026 (decimal 8230)
   defining Unicode char U+2122 (decimal 8482)
   defining Unicode char U+2423 (decimal 9251)
))
(/usr/share/texlive/texmf-dist/tex/latex/base/fontenc.sty
Package: fontenc 2005/09/27 v1.99g Standard LaTeX package

(/usr/share/texlive/texmf-dist/tex/latex/base/t1enc.def
File: t1enc.def 2005/09/27 v1.99g Standard LaTeX file
LaTeX Font Info:    Redeclaring font encoding T1 on input line 48.
))
(/usr/share/texlive/texmf-dist/tex/latex/hyperref/hyperref.sty
Package: hyperref 2012/11/06 v6.83m Hypertext links for LaTeX

(/usr/share/texlive/texmf-dist/tex/generic/oberdiek/hobsub-hyperref.sty
Package: hobsub-hyperref 2012/05/28 v1.13 Bundle oberdiek, subset hyperref (HO)


(/usr/share/texlive/texmf-dist/tex/generic/oberdiek/hobsub-generic.sty
Package: hobsub-generic 2012/05/28 v1.13 Bundle oberdiek, subset generic (HO)
Package: hobsub 2012/05/28 v1.13 Construct package bundles (HO)
Package hobsub Info: Skipping package `infwarerr' (already loaded).
Package hobsub Info: Skipping package `ltxcmds' (already loaded).
Package: ifluatex 2010/03/01 v1.3 Provides the ifluatex switch (HO)
Package ifluatex Info: LuaTeX not detected.
Package hobsub Info: Skipping package `ifvtex' (already loaded).
Package: intcalc 2007/09/27 v1.1 Expandable calculations with integers (HO)
Package hobsub Info: Skipping package `ifpdf' (already loaded).
Package: etexcmds 2011/02/16 v1.5 Avoid name clashes with e-TeX commands (HO)
Package etexcmds Info: Could not find \expanded.
(etexcmds)             That can mean that you are not using pdfTeX 1.50 or
(etexcmds)             that some package has redefined \expanded.
(etexcmds)             In the latter case, load this package earlier.
Package: kvsetkeys 2012/04/25 v1.16 Key value parser (HO)
Package: kvdefinekeys 2011/04/07 v1.3 Define keys (HO)
Package: pdftexcmds 2011/11/29 v0.20 Utility functions of pdfTeX for LuaTeX (HO
)
Package pdftexcmds Info: LuaTeX not detected.
Package pdftexcmds Info: \pdf@primitive is available.
Package pdftexcmds Info: \pdf@ifprimitive is available.
Package pdftexcmds Info: \pdfdraftmode found.
Package: pdfescape 2011/11/25 v1.13 Implements pdfTeX's escape features (HO)
Package: bigintcalc 2012/04/08 v1.3 Expandable calculations on big integers (HO
)
Package: bitset 2011/01/30 v1.1 Handle bit-vector datatype (HO)
Package: uniquecounter 2011/01/30 v1.2 Provide unlimited unique counter (HO)
)
Package hobsub Info: Skipping package `hobsub' (already loaded).
Package: letltxmacro 2010/09/02 v1.4 Let assignment for LaTeX macros (HO)
Package: hopatch 2012/05/28 v1.2 Wrapper for package hooks (HO)
Package: xcolor-patch 2011/01/30 xcolor patch
Package: atveryend 2011/06/30 v1.8 Hooks at the very end of document (HO)
Package atveryend Info: \enddocument detected (standard20110627).
Package: atbegshi 2011/10/05 v1.16 At begin shipout hook (HO)
Package: refcount 2011/10/16 v3.4 Data extraction from label references (HO)
Package: hycolor 2011/01/30 v1.7 Color options for hyperref/bookmark (HO)
)
(/usr/share/texlive/texmf-dist/tex/latex/oberdiek/auxhook.sty
Package: auxhook 2011/03/04 v1.3 Hooks for auxiliary files (HO)
)
(/usr/share/texlive/texmf-dist/tex/latex/oberdiek/kvoptions.sty
Package: kvoptions 2011/06/30 v3.11 Key value format for package options (HO)
)
\@linkdim=\dimen133
\Hy@linkcounter=\count110
\Hy@pagecounter=\count111

(/usr/share/texlive/texmf-dist/tex/latex/hyperref/pd1enc.def
File: pd1enc.def 2012/11/06 v6.83m Hyperref: PDFDocEncoding definition (HO)
Now handling font encoding PD1 ...
... no UTF-8 mapping file for font encoding PD1
)
\Hy@SavedSpaceFactor=\count112

(/usr/share/texlive/texmf-dist/tex/latex/latexconfig/hyperref.cfg
File: hyperref.cfg 2002/06/06 v1.2 hyperref configuration of TeXLive
)
Package hyperref Info: Hyper figures OFF on input line 4443.
Package hyperref Info: Link nesting OFF on input line 4448.
Package hyperref Info: Hyper index ON on input line 4451.
Package hyperref Info: Plain pages OFF on input line 4458.
Package hyperref Info: Backreferencing OFF on input line 4463.
Package hyperref Info: Implicit mode ON; LaTeX internals redefined.
Package hyperref Info: Bookmarks ON on input line 4688.
\c@Hy@tempcnt=\count113

(/usr/share/texlive/texmf-dist/tex/latex/url/url.sty
\Urlmuskip=\muskip11
Package: url 2013/09/16  ver 3.4  Verb mode for urls, etc.
)
LaTeX Info: Redefining \url on input line 5041.
\XeTeXLinkMargin=\dimen134
\Fld@menulength=\count114
\Field@Width=\dimen135
\Fld@charsize=\dimen136
Package hyperref Info: Hyper figures OFF on input line 6295.
Package hyperref Info: Link nesting OFF on input line 6300.
Package hyperref Info: Hyper index ON on input line 6303.
Package hyperref Info: backreferencing OFF on input line 6310.
Package hyperref Info: Link coloring OFF on input line 6315.
Package hyperref Info: Link coloring with OCG OFF on input line 6320.
Package hyperref Info: PDF/A mode OFF on input line 6325.
LaTeX Info: Redefining \ref on input line 6365.
LaTeX Info: Redefining \pageref on input line 6369.
\Hy@abspage=\count115
\c@Item=\count116
\c@Hfootnote=\count117
)

Package hyperref Message: Driver (autodetected): hpdftex.

(/usr/share/texlive/texmf-dist/tex/latex/hyperref/hpdftex.def
File: hpdftex.def 2012/11/06 v6.83m Hyperref driver for pdfTeX
\Fld@listcount=\count118
\c@bookmark@seq@number=\count119

(/usr/share/texlive/texmf-dist/tex/latex/oberdiek/rerunfilecheck.sty
Package: rerunfilecheck 2011/04/15 v1.7 Rerun checks for auxiliary files (HO)
Package uniquecounter Info: New unique counter `rerunfilecheck' on input line 2
82.
)
\Hy@SectionHShift=\skip56
)
(/usr/share/texlive/texmf-dist/tex/latex/booktabs/booktabs.sty
Package: booktabs 2005/04/14 v1.61803 publication quality tables
\heavyrulewidth=\dimen137
\lightrulewidth=\dimen138
\cmidrulewidth=\dimen139
\belowrulesep=\dimen140
\belowbottomsep=\dimen141
\aboverulesep=\dimen142
\abovetopsep=\dimen143
\cmidrulesep=\dimen144
\cmidrulekern=\dimen145
\defaultaddspace=\dimen146
\@cmidla=\count120
\@cmidlb=\count121
\@aboverulesep=\dimen147
\@belowrulesep=\dimen148
\@thisruleclass=\count122
\@lastruleclass=\count123
\@thisrulewidth=\dimen149
)
(/usr/share/texlive/texmf-dist/tex/latex/units/nicefrac.sty
Package: nicefrac 1998/08/04 v0.9b Nice fractions
\L@UnitsRaiseDisplaystyle=\skip57
\L@UnitsRaiseTextstyle=\skip58
\L@UnitsRaiseScriptstyle=\skip59

(/usr/share/texlive/texmf-dist/tex/latex/base/ifthen.sty
Package: ifthen 2014/09/29 v1.1c Standard LaTeX ifthen package (DPC)
))
(/usr/share/texlive/texmf-dist/tex/latex/microtype/microtype.sty
Package: microtype 2013/05/23 v2.5a Micro-typographical refinements (RS)
\MT@toks=\toks25
\MT@count=\count124
LaTeX Info: Redefining \textls on input line 766.
\MT@outer@kern=\dimen150
LaTeX Info: Redefining \textmicrotypecontext on input line 1285.
\MT@listname@count=\count125

(/usr/share/texlive/texmf-dist/tex/latex/microtype/microtype-pdftex.def
File: microtype-pdftex.def 2013/05/23 v2.5a Definitions specific to pdftex (RS)

LaTeX Info: Redefining \lsstyle on input line 915.
LaTeX Info: Redefining \lslig on input line 915.
\MT@outer@space=\skip60
)
Package microtype Info: Loading configuration file microtype.cfg.

(/usr/share/texlive/texmf-dist/tex/latex/microtype/microtype.cfg
File: microtype.cfg 2013/05/23 v2.5a microtype main configuration file (RS)
))
(./dataset.aux

LaTeX Warning: Label `cmat:f' multiply defined.


LaTeX Warning: Label `sub@cmat:f' multiply defined.


LaTeX Warning: Label `cmat:f' multiply defined.


LaTeX Warning: Label `sub@cmat:f' multiply defined.


LaTeX Warning: Label `cmat:f' multiply defined.


LaTeX Warning: Label `sub@cmat:f' multiply defined.


LaTeX Warning: Label `cmat:f' multiply defined.


LaTeX Warning: Label `sub@cmat:f' multiply defined.


LaTeX Warning: Label `cmat:f' multiply defined.


LaTeX Warning: Label `sub@cmat:f' multiply defined.


LaTeX Warning: Label `cmat:f' multiply defined.


LaTeX Warning: Label `sub@cmat:f' multiply defined.


LaTeX Warning: Label `cmat:f' multiply defined.


LaTeX Warning: Label `sub@cmat:f' multiply defined.


LaTeX Warning: Label `cmat:f' multiply defined.


LaTeX Warning: Label `sub@cmat:f' multiply defined.


LaTeX Warning: Label `cmat:f' multiply defined.


LaTeX Warning: Label `sub@cmat:f' multiply defined.


LaTeX Warning: Label `cmat:f' multiply defined.


LaTeX Warning: Label `sub@cmat:f' multiply defined.


LaTeX Warning: Label `cmat:f' multiply defined.


LaTeX Warning: Label `sub@cmat:f' multiply defined.


LaTeX Warning: Label `cmat:f' multiply defined.


LaTeX Warning: Label `sub@cmat:f' multiply defined.


LaTeX Warning: Label `cmat:f' multiply defined.


LaTeX Warning: Label `sub@cmat:f' multiply defined.


LaTeX Warning: Label `cmat:f' multiply defined.


LaTeX Warning: Label `sub@cmat:f' multiply defined.


LaTeX Warning: Label `cmat:f' multiply defined.


LaTeX Warning: Label `sub@cmat:f' multiply defined.


LaTeX Warning: Label `cmat:f' multiply defined.


LaTeX Warning: Label `sub@cmat:f' multiply defined.


LaTeX Warning: Label `cmat:f' multiply defined.


LaTeX Warning: Label `sub@cmat:f' multiply defined.


LaTeX Warning: Label `cmat:f' multiply defined.


LaTeX Warning: Label `sub@cmat:f' multiply defined.


LaTeX Warning: Label `cmat:f' multiply defined.


LaTeX Warning: Label `sub@cmat:f' multiply defined.


LaTeX Warning: Label `cmat:f' multiply defined.


LaTeX Warning: Label `sub@cmat:f' multiply defined.


LaTeX Warning: Label `cmat:f' multiply defined.


LaTeX Warning: Label `sub@cmat:f' multiply defined.


LaTeX Warning: Label `cmat:f' multiply defined.


LaTeX Warning: Label `sub@cmat:f' multiply defined.


LaTeX Warning: Label `cmat:f' multiply defined.


LaTeX Warning: Label `sub@cmat:f' multiply defined.


LaTeX Warning: Label `cmat:f' multiply defined.


LaTeX Warning: Label `sub@cmat:f' multiply defined.


LaTeX Warning: Label `cmat:f' multiply defined.


LaTeX Warning: Label `sub@cmat:f' multiply defined.


LaTeX Warning: Label `cmat:f' multiply defined.


LaTeX Warning: Label `sub@cmat:f' multiply defined.


LaTeX Warning: Label `cmat:f' multiply defined.


LaTeX Warning: Label `sub@cmat:f' multiply defined.


LaTeX Warning: Label `cmat:f' multiply defined.


LaTeX Warning: Label `sub@cmat:f' multiply defined.


LaTeX Warning: Label `cmat:f' multiply defined.


LaTeX Warning: Label `sub@cmat:f' multiply defined.


LaTeX Warning: Label `cmat:f' multiply defined.


LaTeX Warning: Label `sub@cmat:f' multiply defined.


LaTeX Warning: Label `cmat:f' multiply defined.


LaTeX Warning: Label `sub@cmat:f' multiply defined.


LaTeX Warning: Label `cmat:f' multiply defined.


LaTeX Warning: Label `sub@cmat:f' multiply defined.


LaTeX Warning: Label `cmat:f' multiply defined.


LaTeX Warning: Label `sub@cmat:f' multiply defined.


LaTeX Warning: Label `cmat:f' multiply defined.


LaTeX Warning: Label `sub@cmat:f' multiply defined.


LaTeX Warning: Label `cmat:f' multiply defined.


LaTeX Warning: Label `sub@cmat:f' multiply defined.


LaTeX Warning: Label `cmat:f' multiply defined.


LaTeX Warning: Label `sub@cmat:f' multiply defined.


LaTeX Warning: Label `cmat:f' multiply defined.


LaTeX Warning: Label `sub@cmat:f' multiply defined.


LaTeX Warning: Label `cmat:f' multiply defined.


LaTeX Warning: Label `sub@cmat:f' multiply defined.


LaTeX Warning: Label `cmat:f' multiply defined.


LaTeX Warning: Label `sub@cmat:f' multiply defined.


LaTeX Warning: Label `cmat:f' multiply defined.


LaTeX Warning: Label `sub@cmat:f' multiply defined.


LaTeX Warning: Label `cmat:f' multiply defined.


LaTeX Warning: Label `sub@cmat:f' multiply defined.


LaTeX Warning: Label `cmat:f' multiply defined.


LaTeX Warning: Label `sub@cmat:f' multiply defined.


LaTeX Warning: Label `cmat:f' multiply defined.


LaTeX Warning: Label `sub@cmat:f' multiply defined.


LaTeX Warning: Label `cmat:f' multiply defined.


LaTeX Warning: Label `sub@cmat:f' multiply defined.

)
\openout1 = `dataset.aux'.

LaTeX Font Info:    Checking defaults for OML/cmm/m/it on input line 84.
LaTeX Font Info:    ... okay on input line 84.
LaTeX Font Info:    Checking defaults for T1/cmr/m/n on input line 84.
LaTeX Font Info:    ... okay on input line 84.
LaTeX Font Info:    Checking defaults for OT1/cmr/m/n on input line 84.
LaTeX Font Info:    ... okay on input line 84.
LaTeX Font Info:    Checking defaults for OMS/cmsy/m/n on input line 84.
LaTeX Font Info:    ... okay on input line 84.
LaTeX Font Info:    Checking defaults for OMX/cmex/m/n on input line 84.
LaTeX Font Info:    ... okay on input line 84.
LaTeX Font Info:    Checking defaults for U/cmr/m/n on input line 84.
LaTeX Font Info:    ... okay on input line 84.
LaTeX Font Info:    Checking defaults for PD1/pdf/m/n on input line 84.
LaTeX Font Info:    ... okay on input line 84.
LaTeX Font Info:    Try loading font information for T1+ptm on input line 84.
 (/usr/share/texlive/texmf-dist/tex/latex/psnfss/t1ptm.fd
File: t1ptm.fd 2001/06/04 font definitions for T1/ptm.
)
*geometry* driver: auto-detecting
*geometry* detected driver: pdftex
*geometry* verbose mode - [ preamble ] result:
* driver: pdftex
* paper: letterpaper
* layout: <same size as paper>
* layoutoffset:(h,v)=(0.0pt,0.0pt)
* modes: 
* h-part:(L,W,R)=(92.14519pt, 430.00462pt, 92.14519pt)
* v-part:(T,H,B)=(95.39737pt, 556.47656pt, 143.09605pt)
* \paperwidth=614.295pt
* \paperheight=794.96999pt
* \textwidth=430.00462pt
* \textheight=556.47656pt
* \oddsidemargin=19.8752pt
* \evensidemargin=19.8752pt
* \topmargin=-13.87262pt
* \headheight=12.0pt
* \headsep=25.0pt
* \topskip=10.0pt
* \footskip=30.0pt
* \marginparwidth=65.0pt
* \marginparsep=11.0pt
* \columnsep=10.0pt
* \skip\footins=9.0pt plus 4.0pt minus 2.0pt
* \hoffset=0.0pt
* \voffset=0.0pt
* \mag=1000
* \@twocolumnfalse
* \@twosidefalse
* \@mparswitchfalse
* \@reversemarginfalse
* (1in=72.27pt=25.4mm, 1cm=28.453pt)

*geometry* verbose mode - [ newgeometry ] result:
* driver: pdftex
* paper: letterpaper
* layout: <same size as paper>
* layoutoffset:(h,v)=(0.0pt,0.0pt)
* modes: 
* h-part:(L,W,R)=(108.405pt, 397.48499pt, 108.40501pt)
* v-part:(T,H,B)=(72.26999pt, 650.43pt, 72.27pt)
* \paperwidth=614.295pt
* \paperheight=794.96999pt
* \textwidth=397.48499pt
* \textheight=650.43pt
* \oddsidemargin=36.13501pt
* \evensidemargin=36.13501pt
* \topmargin=-37.0pt
* \headheight=12.0pt
* \headsep=25.0pt
* \topskip=10.0pt
* \footskip=30.0pt
* \marginparwidth=65.0pt
* \marginparsep=11.0pt
* \columnsep=10.0pt
* \skip\footins=9.0pt plus 4.0pt minus 2.0pt
* \hoffset=0.0pt
* \voffset=0.0pt
* \mag=1000
* \@twocolumnfalse
* \@twosidefalse
* \@mparswitchfalse
* \@reversemarginfalse
* (1in=72.27pt=25.4mm, 1cm=28.453pt)

(/usr/share/texlive/texmf-dist/tex/context/base/supp-pdf.mkii
[Loading MPS to PDF converter (version 2006.09.02).]
\scratchcounter=\count126
\scratchdimen=\dimen151
\scratchbox=\box30
\nofMPsegments=\count127
\nofMParguments=\count128
\everyMPshowfont=\toks26
\MPscratchCnt=\count129
\MPscratchDim=\dimen152
\MPnumerator=\count130
\makeMPintoPDFobject=\count131
\everyMPtoPDFconversion=\toks27
) (/usr/share/texlive/texmf-dist/tex/latex/oberdiek/epstopdf-base.sty
Package: epstopdf-base 2010/02/09 v2.5 Base part for package epstopdf

(/usr/share/texlive/texmf-dist/tex/latex/oberdiek/grfext.sty
Package: grfext 2010/08/19 v1.1 Manage graphics extensions (HO)
)
Package grfext Info: Graphics extension search list:
(grfext)             [.png,.pdf,.jpg,.mps,.jpeg,.jbig2,.jb2,.PNG,.PDF,.JPG,.JPE
G,.JBIG2,.JB2,.eps]
(grfext)             \AppendGraphicsExtensions on input line 452.

(/usr/share/texlive/texmf-dist/tex/latex/latexconfig/epstopdf-sys.cfg
File: epstopdf-sys.cfg 2010/07/13 v1.3 Configuration of (r)epstopdf for TeX Liv
e
))
Package caption Info: Begin \AtBeginDocument code.
Package caption Info: float package is loaded.
Package caption Info: hyperref package is loaded.
Package caption Info: subfigure package is loaded.
Package caption Info: End \AtBeginDocument code.
\AtBeginShipoutBox=\box31
Package hyperref Info: Link coloring OFF on input line 84.

(/usr/share/texlive/texmf-dist/tex/latex/hyperref/nameref.sty
Package: nameref 2012/10/27 v2.43 Cross-referencing by name of section

(/usr/share/texlive/texmf-dist/tex/generic/oberdiek/gettitlestring.sty
Package: gettitlestring 2010/12/03 v1.4 Cleanup title references (HO)
)
\c@section@level=\count132
)
LaTeX Info: Redefining \ref on input line 84.
LaTeX Info: Redefining \pageref on input line 84.
LaTeX Info: Redefining \nameref on input line 84.

(./dataset.out) (./dataset.out)
\@outlinefile=\write3
\openout3 = `dataset.out'.

LaTeX Info: Redefining \microtypecontext on input line 84.
Package microtype Info: Generating PDF output.
Package microtype Info: Character protrusion enabled (level 2).
Package microtype Info: Using default protrusion set `alltext'.
Package microtype Info: Automatic font expansion enabled (level 2),
(microtype)             stretch: 20, shrink: 20, step: 1, non-selected.
Package microtype Info: Using default expansion set `basictext'.
Package microtype Info: No adjustment of tracking.
Package microtype Info: No adjustment of interword spacing.
Package microtype Info: No adjustment of character kerning.

(/usr/share/texlive/texmf-dist/tex/latex/microtype/mt-ptm.cfg
File: mt-ptm.cfg 2006/04/20 v1.7 microtype config. file: Times (RS)
)
LaTeX Font Info:    Font shape `T1/ptm/bx/n' in size <17.28> not available
(Font)              Font shape `T1/ptm/b/n' tried instead on input line 89.

(/usr/share/texlive/texmf-dist/tex/latex/microtype/mt-cmr.cfg
File: mt-cmr.cfg 2013/05/19 v2.2 microtype config. file: Computer Modern Roman 
(RS)
)
LaTeX Font Info:    Try loading font information for U+msa on input line 89.

(/usr/share/texlive/texmf-dist/tex/latex/amsfonts/umsa.fd
File: umsa.fd 2013/01/14 v3.01 AMS symbols A
)
(/usr/share/texlive/texmf-dist/tex/latex/microtype/mt-msa.cfg
File: mt-msa.cfg 2006/02/04 v1.1 microtype config. file: AMS symbols (a) (RS)
)
LaTeX Font Info:    Try loading font information for U+msb on input line 89.

(/usr/share/texlive/texmf-dist/tex/latex/amsfonts/umsb.fd
File: umsb.fd 2013/01/14 v3.01 AMS symbols B
)
(/usr/share/texlive/texmf-dist/tex/latex/microtype/mt-msb.cfg
File: mt-msb.cfg 2005/06/01 v1.0 microtype config. file: AMS symbols (b) (RS)
)
LaTeX Font Info:    Font shape `T1/ptm/bx/n' in size <10> not available
(Font)              Font shape `T1/ptm/b/n' tried instead on input line 89.
LaTeX Font Info:    Try loading font information for T1+cmtt on input line 89.

(/usr/share/texlive/texmf-dist/tex/latex/base/t1cmtt.fd
File: t1cmtt.fd 2014/09/29 v2.5h Standard LaTeX font definitions
)
Package microtype Info: Loading generic settings for font family
(microtype)             `cmtt' (encoding: T1).
(microtype)             For optimal results, create family-specific settings.
(microtype)             See the microtype manual for details.
LaTeX Font Info:    Font shape `T1/ptm/bx/n' in size <12> not available
(Font)              Font shape `T1/ptm/b/n' tried instead on input line 92.

<figs/rotation/1.png, id=14, 321.2pt x 240.9pt>
File: figs/rotation/1.png Graphic file (type png)
 <use figs/rotation/1.png>
Package pdftex.def Info: figs/rotation/1.png used on input line 103.
(pdftex.def)             Requested size: 59.62032pt x 44.71283pt.

<figs/rotation/10.png, id=15, 321.2pt x 240.9pt>
File: figs/rotation/10.png Graphic file (type png)
 <use figs/rotation/10.png>
Package pdftex.def Info: figs/rotation/10.png used on input line 104.
(pdftex.def)             Requested size: 59.62032pt x 44.71283pt.

<figs/rotation/20.png, id=16, 321.2pt x 240.9pt>
File: figs/rotation/20.png Graphic file (type png)
 <use figs/rotation/20.png>
Package pdftex.def Info: figs/rotation/20.png used on input line 105.
(pdftex.def)             Requested size: 59.62032pt x 44.71283pt.

<figs/rotation/30.png, id=17, 321.2pt x 240.9pt>
File: figs/rotation/30.png Graphic file (type png)
 <use figs/rotation/30.png>
Package pdftex.def Info: figs/rotation/30.png used on input line 106.
(pdftex.def)             Requested size: 59.62032pt x 44.71283pt.

<figs/rotation/40.png, id=18, 321.2pt x 240.9pt>
File: figs/rotation/40.png Graphic file (type png)
 <use figs/rotation/40.png>
Package pdftex.def Info: figs/rotation/40.png used on input line 107.
(pdftex.def)             Requested size: 59.62032pt x 44.71283pt.

<figs/rotation/50.png, id=19, 321.2pt x 240.9pt>
File: figs/rotation/50.png Graphic file (type png)
 <use figs/rotation/50.png>
Package pdftex.def Info: figs/rotation/50.png used on input line 108.
(pdftex.def)             Requested size: 59.62032pt x 44.71283pt.

<figs/rotation/60.png, id=20, 321.2pt x 240.9pt>
File: figs/rotation/60.png Graphic file (type png)
 <use figs/rotation/60.png>
Package pdftex.def Info: figs/rotation/60.png used on input line 109.
(pdftex.def)             Requested size: 59.62032pt x 44.71283pt.

<figs/rotation/70.png, id=21, 321.2pt x 240.9pt>
File: figs/rotation/70.png Graphic file (type png)
 <use figs/rotation/70.png>
Package pdftex.def Info: figs/rotation/70.png used on input line 110.
(pdftex.def)             Requested size: 59.62032pt x 44.71283pt.

<figs/objects/1.png, id=22, 321.2pt x 240.9pt>
File: figs/objects/1.png Graphic file (type png)
 <use figs/objects/1.png>
Package pdftex.def Info: figs/objects/1.png used on input line 119.
(pdftex.def)             Requested size: 59.62032pt x 44.71283pt.

<figs/objects/2.png, id=23, 321.2pt x 240.9pt>
File: figs/objects/2.png Graphic file (type png)
 <use figs/objects/2.png>
Package pdftex.def Info: figs/objects/2.png used on input line 120.
(pdftex.def)             Requested size: 59.62032pt x 44.71283pt.

<figs/objects/3.png, id=24, 321.2pt x 240.9pt>
File: figs/objects/3.png Graphic file (type png)
 <use figs/objects/3.png>
Package pdftex.def Info: figs/objects/3.png used on input line 121.
(pdftex.def)             Requested size: 59.62032pt x 44.71283pt.

<figs/objects/4.png, id=25, 321.2pt x 240.9pt>
File: figs/objects/4.png Graphic file (type png)
 <use figs/objects/4.png>
Package pdftex.def Info: figs/objects/4.png used on input line 122.
(pdftex.def)             Requested size: 59.62032pt x 44.71283pt.

<figs/objects/5.png, id=26, 321.2pt x 240.9pt>
File: figs/objects/5.png Graphic file (type png)
 <use figs/objects/5.png>
Package pdftex.def Info: figs/objects/5.png used on input line 123.
(pdftex.def)             Requested size: 59.62032pt x 44.71283pt.

<figs/objects/6.png, id=27, 321.2pt x 240.9pt>
File: figs/objects/6.png Graphic file (type png)
 <use figs/objects/6.png>
Package pdftex.def Info: figs/objects/6.png used on input line 124.
(pdftex.def)             Requested size: 59.62032pt x 44.71283pt.

<figs/objects/7.png, id=28, 321.2pt x 240.9pt>
File: figs/objects/7.png Graphic file (type png)
 <use figs/objects/7.png>
Package pdftex.def Info: figs/objects/7.png used on input line 125.
(pdftex.def)             Requested size: 59.62032pt x 44.71283pt.

<figs/objects/8.png, id=29, 321.2pt x 240.9pt>
File: figs/objects/8.png Graphic file (type png)
 <use figs/objects/8.png>
Package pdftex.def Info: figs/objects/8.png used on input line 126.
(pdftex.def)             Requested size: 59.62032pt x 44.71283pt.

<figs/objects/9.png, id=30, 321.2pt x 240.9pt>
File: figs/objects/9.png Graphic file (type png)
 <use figs/objects/9.png>
Package pdftex.def Info: figs/objects/9.png used on input line 127.
(pdftex.def)             Requested size: 59.62032pt x 44.71283pt.

<figs/objects/10.png, id=31, 321.2pt x 240.9pt>
File: figs/objects/10.png Graphic file (type png)
 <use figs/objects/10.png>
Package pdftex.def Info: figs/objects/10.png used on input line 128.
(pdftex.def)             Requested size: 59.62032pt x 44.71283pt.

<figs/objects/11.png, id=32, 321.2pt x 240.9pt>
File: figs/objects/11.png Graphic file (type png)
 <use figs/objects/11.png>
Package pdftex.def Info: figs/objects/11.png used on input line 129.
(pdftex.def)             Requested size: 59.62032pt x 44.71283pt.

<figs/objects/12.png, id=33, 321.2pt x 240.9pt>
File: figs/objects/12.png Graphic file (type png)
 <use figs/objects/12.png>
Package pdftex.def Info: figs/objects/12.png used on input line 130.
(pdftex.def)             Requested size: 59.62032pt x 44.71283pt.

<figs/objects/13.png, id=34, 321.2pt x 240.9pt>
File: figs/objects/13.png Graphic file (type png)
 <use figs/objects/13.png>
Package pdftex.def Info: figs/objects/13.png used on input line 131.
(pdftex.def)             Requested size: 59.62032pt x 44.71283pt.

<figs/objects/14.png, id=35, 321.2pt x 240.9pt>
File: figs/objects/14.png Graphic file (type png)
 <use figs/objects/14.png>
Package pdftex.def Info: figs/objects/14.png used on input line 132.
(pdftex.def)             Requested size: 59.62032pt x 44.71283pt.

<figs/objects/15.png, id=36, 321.2pt x 240.9pt>
File: figs/objects/15.png Graphic file (type png)
 <use figs/objects/15.png>
Package pdftex.def Info: figs/objects/15.png used on input line 133.
(pdftex.def)             Requested size: 59.62032pt x 44.71283pt.

<figs/objects/16.png, id=37, 321.2pt x 240.9pt>
File: figs/objects/16.png Graphic file (type png)
 <use figs/objects/16.png>
Package pdftex.def Info: figs/objects/16.png used on input line 134.
(pdftex.def)             Requested size: 59.62032pt x 44.71283pt.

<figs/objects/17.png, id=38, 321.2pt x 240.9pt>
File: figs/objects/17.png Graphic file (type png)
 <use figs/objects/17.png>
Package pdftex.def Info: figs/objects/17.png used on input line 135.
(pdftex.def)             Requested size: 59.62032pt x 44.71283pt.

<figs/objects/18.png, id=39, 321.2pt x 240.9pt>
File: figs/objects/18.png Graphic file (type png)
 <use figs/objects/18.png>
Package pdftex.def Info: figs/objects/18.png used on input line 136.
(pdftex.def)             Requested size: 59.62032pt x 44.71283pt.

<figs/objects/19.png, id=40, 321.2pt x 240.9pt>
File: figs/objects/19.png Graphic file (type png)
 <use figs/objects/19.png>
Package pdftex.def Info: figs/objects/19.png used on input line 137.
(pdftex.def)             Requested size: 59.62032pt x 44.71283pt.

<figs/objects/20.png, id=41, 321.2pt x 240.9pt>
File: figs/objects/20.png Graphic file (type png)
 <use figs/objects/20.png>
Package pdftex.def Info: figs/objects/20.png used on input line 138.
(pdftex.def)             Requested size: 59.62032pt x 44.71283pt.

<figs/objects/21.png, id=42, 321.2pt x 240.9pt>
File: figs/objects/21.png Graphic file (type png)
 <use figs/objects/21.png>
Package pdftex.def Info: figs/objects/21.png used on input line 139.
(pdftex.def)             Requested size: 59.62032pt x 44.71283pt.

<figs/objects/22.png, id=43, 321.2pt x 240.9pt>
File: figs/objects/22.png Graphic file (type png)
 <use figs/objects/22.png>
Package pdftex.def Info: figs/objects/22.png used on input line 140.
(pdftex.def)             Requested size: 59.62032pt x 44.71283pt.

<figs/objects/23.png, id=44, 321.2pt x 240.9pt>
File: figs/objects/23.png Graphic file (type png)
 <use figs/objects/23.png>
Package pdftex.def Info: figs/objects/23.png used on input line 141.
(pdftex.def)             Requested size: 59.62032pt x 44.71283pt.

<figs/objects/24.png, id=45, 321.2pt x 240.9pt>
File: figs/objects/24.png Graphic file (type png)
 <use figs/objects/24.png>
Package pdftex.def Info: figs/objects/24.png used on input line 142.
(pdftex.def)             Requested size: 59.62032pt x 44.71283pt.

<figs/objects/25.png, id=46, 321.2pt x 240.9pt>
File: figs/objects/25.png Graphic file (type png)
 <use figs/objects/25.png>
Package pdftex.def Info: figs/objects/25.png used on input line 143.
(pdftex.def)             Requested size: 59.62032pt x 44.71283pt.

<figs/objects/26.png, id=47, 321.2pt x 240.9pt>
File: figs/objects/26.png Graphic file (type png)
 <use figs/objects/26.png>
Package pdftex.def Info: figs/objects/26.png used on input line 144.
(pdftex.def)             Requested size: 59.62032pt x 44.71283pt.

<figs/objects/27.png, id=48, 321.2pt x 240.9pt>
File: figs/objects/27.png Graphic file (type png)
 <use figs/objects/27.png>
Package pdftex.def Info: figs/objects/27.png used on input line 145.
(pdftex.def)             Requested size: 59.62032pt x 44.71283pt.

<figs/objects/28.png, id=49, 321.2pt x 240.9pt>
File: figs/objects/28.png Graphic file (type png)
 <use figs/objects/28.png>
Package pdftex.def Info: figs/objects/28.png used on input line 146.
(pdftex.def)             Requested size: 59.62032pt x 44.71283pt.

<figs/objects/29.png, id=50, 321.2pt x 240.9pt>
File: figs/objects/29.png Graphic file (type png)
 <use figs/objects/29.png>
Package pdftex.def Info: figs/objects/29.png used on input line 147.
(pdftex.def)             Requested size: 59.62032pt x 44.71283pt.

<figs/objects/30.png, id=51, 321.2pt x 240.9pt>
File: figs/objects/30.png Graphic file (type png)
 <use figs/objects/30.png>
Package pdftex.def Info: figs/objects/30.png used on input line 148.
(pdftex.def)             Requested size: 59.62032pt x 44.71283pt.

<figs/objects/31.png, id=52, 321.2pt x 240.9pt>
File: figs/objects/31.png Graphic file (type png)
 <use figs/objects/31.png>
Package pdftex.def Info: figs/objects/31.png used on input line 149.
(pdftex.def)             Requested size: 59.62032pt x 44.71283pt.

<figs/objects/32.png, id=53, 321.2pt x 240.9pt>
File: figs/objects/32.png Graphic file (type png)
 <use figs/objects/32.png>
Package pdftex.def Info: figs/objects/32.png used on input line 150.
(pdftex.def)             Requested size: 59.62032pt x 44.71283pt.

<figs/objects/33.png, id=54, 321.2pt x 240.9pt>
File: figs/objects/33.png Graphic file (type png)
 <use figs/objects/33.png>
Package pdftex.def Info: figs/objects/33.png used on input line 151.
(pdftex.def)             Requested size: 59.62032pt x 44.71283pt.

<figs/objects/34.png, id=55, 321.2pt x 240.9pt>
File: figs/objects/34.png Graphic file (type png)
 <use figs/objects/34.png>
Package pdftex.def Info: figs/objects/34.png used on input line 152.
(pdftex.def)             Requested size: 59.62032pt x 44.71283pt.

<figs/objects/35.png, id=56, 321.2pt x 240.9pt>
File: figs/objects/35.png Graphic file (type png)
 <use figs/objects/35.png>
Package pdftex.def Info: figs/objects/35.png used on input line 153.
(pdftex.def)             Requested size: 59.62032pt x 44.71283pt.

<figs/objects/36.png, id=57, 321.2pt x 240.9pt>
File: figs/objects/36.png Graphic file (type png)
 <use figs/objects/36.png>
Package pdftex.def Info: figs/objects/36.png used on input line 154.
(pdftex.def)             Requested size: 59.62032pt x 44.71283pt.

<figs/objects/37.png, id=58, 321.2pt x 240.9pt>
File: figs/objects/37.png Graphic file (type png)
 <use figs/objects/37.png>
Package pdftex.def Info: figs/objects/37.png used on input line 155.
(pdftex.def)             Requested size: 59.62032pt x 44.71283pt.

<figs/objects/38.png, id=59, 321.2pt x 240.9pt>
File: figs/objects/38.png Graphic file (type png)
 <use figs/objects/38.png>
Package pdftex.def Info: figs/objects/38.png used on input line 156.
(pdftex.def)             Requested size: 59.62032pt x 44.71283pt.

<figs/objects/39.png, id=60, 321.2pt x 240.9pt>
File: figs/objects/39.png Graphic file (type png)
 <use figs/objects/39.png>
Package pdftex.def Info: figs/objects/39.png used on input line 157.
(pdftex.def)             Requested size: 59.62032pt x 44.71283pt.

<figs/objects/40.png, id=61, 321.2pt x 240.9pt>
File: figs/objects/40.png Graphic file (type png)
 <use figs/objects/40.png>
Package pdftex.def Info: figs/objects/40.png used on input line 158.
(pdftex.def)             Requested size: 59.62032pt x 44.71283pt.

<figs/objects/41.png, id=62, 321.2pt x 240.9pt>
File: figs/objects/41.png Graphic file (type png)
 <use figs/objects/41.png>
Package pdftex.def Info: figs/objects/41.png used on input line 159.
(pdftex.def)             Requested size: 59.62032pt x 44.71283pt.

<figs/objects/42.png, id=63, 321.2pt x 240.9pt>
File: figs/objects/42.png Graphic file (type png)
 <use figs/objects/42.png>
Package pdftex.def Info: figs/objects/42.png used on input line 160.
(pdftex.def)             Requested size: 59.62032pt x 44.71283pt.

<figs/objects/43.png, id=64, 321.2pt x 240.9pt>
File: figs/objects/43.png Graphic file (type png)
 <use figs/objects/43.png>
Package pdftex.def Info: figs/objects/43.png used on input line 161.
(pdftex.def)             Requested size: 59.62032pt x 44.71283pt.

<figs/objects/44.png, id=65, 321.2pt x 240.9pt>
File: figs/objects/44.png Graphic file (type png)
 <use figs/objects/44.png>
Package pdftex.def Info: figs/objects/44.png used on input line 162.
(pdftex.def)             Requested size: 59.62032pt x 44.71283pt.

<figs/objects/45.png, id=66, 321.2pt x 240.9pt>
File: figs/objects/45.png Graphic file (type png)
 <use figs/objects/45.png>
Package pdftex.def Info: figs/objects/45.png used on input line 163.
(pdftex.def)             Requested size: 59.62032pt x 44.71283pt.

<figs/objects/46.png, id=67, 321.2pt x 240.9pt>
File: figs/objects/46.png Graphic file (type png)
 <use figs/objects/46.png>
Package pdftex.def Info: figs/objects/46.png used on input line 164.
(pdftex.def)             Requested size: 59.62032pt x 44.71283pt.

<figs/objects/47.png, id=68, 321.2pt x 240.9pt>
File: figs/objects/47.png Graphic file (type png)
 <use figs/objects/47.png>
Package pdftex.def Info: figs/objects/47.png used on input line 165.
(pdftex.def)             Requested size: 59.62032pt x 44.71283pt.

<figs/objects/48.png, id=69, 321.2pt x 240.9pt>
File: figs/objects/48.png Graphic file (type png)
 <use figs/objects/48.png>
Package pdftex.def Info: figs/objects/48.png used on input line 166.
(pdftex.def)             Requested size: 59.62032pt x 44.71283pt.

<figs/objects/49.png, id=70, 321.2pt x 240.9pt>
File: figs/objects/49.png Graphic file (type png)
 <use figs/objects/49.png>
Package pdftex.def Info: figs/objects/49.png used on input line 167.
(pdftex.def)             Requested size: 59.62032pt x 44.71283pt.

<figs/objects/50.png, id=71, 321.2pt x 240.9pt>
File: figs/objects/50.png Graphic file (type png)
 <use figs/objects/50.png>
Package pdftex.def Info: figs/objects/50.png used on input line 168.
(pdftex.def)             Requested size: 59.62032pt x 44.71283pt.


LaTeX Warning: Float too large for page by 54.25742pt on input line 172.

<figs/icub4.jpg, id=74, 863.225pt x 647.41875pt>
File: figs/icub4.jpg Graphic file (type jpg)
 <use figs/icub4.jpg>
Package pdftex.def Info: figs/icub4.jpg used on input line 180.
(pdftex.def)             Requested size: 158.99156pt x 119.23714pt.
 [1


{/var/lib/texmf/fonts/map/pdftex/updmap/pdftex.map} <./figs/rotation/1.png> <./
figs/rotation/10.png> <./figs/rotation/20.png> <./figs/rotation/30.png> <./figs
/rotation/40.png> <./figs/rotation/50.png> <./figs/rotation/60.png> <./figs/rot
ation/70.png>] [2 <./figs/objects/1.png> <./figs/objects/2.png> <./figs/objects
/3.png> <./figs/objects/4.png> <./figs/objects/5.png> <./figs/objects/6.png> <.
/figs/objects/7.png> <./figs/objects/8.png> <./figs/objects/9.png> <./figs/obje
cts/10.png> <./figs/objects/11.png> <./figs/objects/12.png> <./figs/objects/13.
png> <./figs/objects/14.png> <./figs/objects/15.png> <./figs/objects/16.png> <.
/figs/objects/17.png> <./figs/objects/18.png> <./figs/objects/19.png> <./figs/o
bjects/20.png> <./figs/objects/21.png> <./figs/objects/22.png> <./figs/objects/
23.png> <./figs/objects/24.png> <./figs/objects/25.png> <./figs/objects/26.png>
 <./figs/objects/27.png> <./figs/objects/28.png> <./figs/objects/29.png> <./fig
s/objects/30.png> <./figs/objects/31.png> <./figs/objects/32.png> <./figs/objec
ts/33.png> <./figs/objects/34.png> <./figs/objects/35.png> <./figs/objects/36.p
ng> <./figs/objects/37.png> <./figs/objects/38.png> <./figs/objects/39.png> <./
figs/objects/40.png> <./figs/objects/41.png> <./figs/objects/42.png> <./figs/ob
jects/43.png> <./figs/objects/44.png> <./figs/objects/45.png> <./figs/objects/4
6.png> <./figs/objects/47.png> <./figs/objects/48.png> <./figs/objects/49.png> 
<./figs/objects/50.png>]
Package atveryend Info: Empty hook `BeforeClearDocument' on input line 205.
 [3 <./figs/icub4.jpg>]
Package atveryend Info: Empty hook `AfterLastShipout' on input line 205.
 (./dataset.aux)
Package atveryend Info: Executing hook `AtVeryEndDocument' on input line 205.
Package atveryend Info: Executing hook `AtEndAfterFileList' on input line 205.
Package rerunfilecheck Info: File `dataset.out' has not changed.
(rerunfilecheck)             Checksum: 3130D1388BB7FD7CDA0DFE438F9669BB;118.


LaTeX Warning: There were multiply-defined labels.

Package atveryend Info: Empty hook `AtVeryVeryEnd' on input line 205.
 ) 
Here is how much of TeX's memory you used:
 10635 strings out of 493029
 160899 string characters out of 6136234
 299989 words of memory out of 5000000
 13829 multiletter control sequences out of 15000+600000
 34246 words of font info for 85 fonts, out of 8000000 for 9000
 1141 hyphenation exceptions out of 8191
 36i,8n,39p,644b,365s stack positions out of 5000i,500n,10000p,200000b,80000s
{/usr/share/texmf/fonts/enc/dvips/cm-super/cm-super-t1.enc}{/usr/share/texliv
e/texmf-dist/fonts/enc/dvips/base/8r.enc}</usr/share/texmf/fonts/type1/public/c
m-super/sftt1000.pfb></usr/share/texlive/texmf-dist/fonts/type1/urw/times/utmb8
a.pfb></usr/share/texlive/texmf-dist/fonts/type1/urw/times/utmr8a.pfb>
Output written on dataset.pdf (3 pages, 3410417 bytes).
PDF statistics:
 187 PDF objects out of 1000 (max. 8388607)
 118 compressed objects within 2 object streams
 71 named destinations out of 1000 (max. 500000)
 16696 words of extra memory for PDF output out of 17280 (max. 10000000)

